<?xml version="1.0" encoding="UTF-8"?>
<!-- Generated by org.testng.reporters.JUnitReportReporter -->
<testsuite hostname="DESKTOP-38JQG8D" failures="0" tests="1" name="Assesment.Task.VerifyhomepageloadTitle" time="3.112" errors="0" timestamp="2024-06-19T18:33:23 IST" skipped="0">
  <testcase classname="Assesment.Task.VerifyhomepageloadTitle" name="testHomePageLoadAndTitle" time="3.112"/>
</testsuite> <!-- Assesment.Task.VerifyhomepageloadTitle -->
