<?xml version="1.0" encoding="UTF-8"?>
<!-- Generated by org.testng.reporters.JUnitReportReporter -->
<testsuite hostname="DESKTOP-38JQG8D" failures="0" tests="1" name="Assesment.Task.VerifyLearnMoreButton" time="4.840" errors="0" timestamp="2024-06-19T18:33:23 IST" skipped="0">
  <testcase classname="Assesment.Task.VerifyLearnMoreButton" name="VerifyLearnMoreButton" time="4.840"/>
</testsuite> <!-- Assesment.Task.VerifyLearnMoreButton -->
